<?xml version="1.0" encoding="UTF-8"?>
<testsuite xmlns:xsi="http://www.w3.org/2001/XMLSchema-instance" xsi:noNamespaceSchemaLocation="https://maven.apache.org/surefire/maven-surefire-plugin/xsd/surefire-test-report-3.0.xsd" version="3.0" name="com.achcar_solutions.easycomm_processor.EasycommProcessorApplicationTests" time="2.537" tests="1" errors="0" skipped="0" failures="0">
  <properties>
    <property name="java.specification.version" value="24"/>
    <property name="sun.cpu.isalist" value="amd64"/>
    <property name="sun.jnu.encoding" value="Cp1252"/>
    <property name="java.class.path" value="C:\Users\Gustavo Achcar Filho\Desktop\projects\easycomm-monorepo\easycomm-processor\target\test-classes;C:\Users\Gustavo Achcar Filho\Desktop\projects\easycomm-monorepo\easycomm-processor\target\classes;C:\Users\Gustavo Achcar Filho\Desktop\projects\easycomm-monorepo\easycomm-core\target\easycomm-core-0.0.1-SNAPSHOT.jar;C:\Users\Gustavo Achcar Filho\.m2\repository\org\springframework\boot\spring-boot-starter-security\3.2.5\spring-boot-starter-security-3.2.5.jar;C:\Users\Gustavo Achcar Filho\.m2\repository\org\springframework\spring-aop\6.1.6\spring-aop-6.1.6.jar;C:\Users\Gustavo Achcar Filho\.m2\repository\org\springframework\security\spring-security-config\6.2.4\spring-security-config-6.2.4.jar;C:\Users\Gustavo Achcar Filho\.m2\repository\org\springframework\security\spring-security-core\6.2.4\spring-security-core-6.2.4.jar;C:\Users\Gustavo Achcar Filho\.m2\repository\org\springframework\security\spring-security-crypto\6.2.4\spring-security-crypto-6.2.4.jar;C:\Users\Gustavo Achcar Filho\.m2\repository\org\springframework\security\spring-security-web\6.2.4\spring-security-web-6.2.4.jar;C:\Users\Gustavo Achcar Filho\.m2\repository\org\springframework\spring-web\6.1.6\spring-web-6.1.6.jar;C:\Users\Gustavo Achcar Filho\.m2\repository\jakarta\validation\jakarta.validation-api\3.1.1\jakarta.validation-api-3.1.1.jar;C:\Users\Gustavo Achcar Filho\.m2\repository\org\springframework\boot\spring-boot-starter-data-mongodb\3.2.5\spring-boot-starter-data-mongodb-3.2.5.jar;C:\Users\Gustavo Achcar Filho\.m2\repository\org\springframework\boot\spring-boot-starter\3.2.5\spring-boot-starter-3.2.5.jar;C:\Users\Gustavo Achcar Filho\.m2\repository\org\springframework\boot\spring-boot\3.2.5\spring-boot-3.2.5.jar;C:\Users\Gustavo Achcar Filho\.m2\repository\org\springframework\boot\spring-boot-autoconfigure\3.2.5\spring-boot-autoconfigure-3.2.5.jar;C:\Users\Gustavo Achcar Filho\.m2\repository\org\springframework\boot\spring-boot-starter-logging\3.2.5\spring-boot-starter-logging-3.2.5.jar;C:\Users\Gustavo Achcar Filho\.m2\repository\ch\qos\logback\logback-classic\1.4.14\logback-classic-1.4.14.jar;C:\Users\Gustavo Achcar Filho\.m2\repository\ch\qos\logback\logback-core\1.4.14\logback-core-1.4.14.jar;C:\Users\Gustavo Achcar Filho\.m2\repository\org\apache\logging\log4j\log4j-to-slf4j\2.21.1\log4j-to-slf4j-2.21.1.jar;C:\Users\Gustavo Achcar Filho\.m2\repository\org\apache\logging\log4j\log4j-api\2.21.1\log4j-api-2.21.1.jar;C:\Users\Gustavo Achcar Filho\.m2\repository\org\slf4j\jul-to-slf4j\2.0.13\jul-to-slf4j-2.0.13.jar;C:\Users\Gustavo Achcar Filho\.m2\repository\jakarta\annotation\jakarta.annotation-api\2.1.1\jakarta.annotation-api-2.1.1.jar;C:\Users\Gustavo Achcar Filho\.m2\repository\org\yaml\snakeyaml\2.2\snakeyaml-2.2.jar;C:\Users\Gustavo Achcar Filho\.m2\repository\org\mongodb\mongodb-driver-sync\4.11.2\mongodb-driver-sync-4.11.2.jar;C:\Users\Gustavo Achcar Filho\.m2\repository\org\mongodb\bson\4.11.2\bson-4.11.2.jar;C:\Users\Gustavo Achcar Filho\.m2\repository\org\mongodb\mongodb-driver-core\4.11.2\mongodb-driver-core-4.11.2.jar;C:\Users\Gustavo Achcar Filho\.m2\repository\org\mongodb\bson-record-codec\4.11.2\bson-record-codec-4.11.2.jar;C:\Users\Gustavo Achcar Filho\.m2\repository\org\springframework\data\spring-data-mongodb\4.2.5\spring-data-mongodb-4.2.5.jar;C:\Users\Gustavo Achcar Filho\.m2\repository\org\springframework\spring-beans\6.1.6\spring-beans-6.1.6.jar;C:\Users\Gustavo Achcar Filho\.m2\repository\org\springframework\spring-expression\6.1.6\spring-expression-6.1.6.jar;C:\Users\Gustavo Achcar Filho\.m2\repository\org\springframework\data\spring-data-commons\3.2.5\spring-data-commons-3.2.5.jar;C:\Users\Gustavo Achcar Filho\.m2\repository\org\springframework\kafka\spring-kafka\3.1.4\spring-kafka-3.1.4.jar;C:\Users\Gustavo Achcar Filho\.m2\repository\org\springframework\spring-context\6.1.6\spring-context-6.1.6.jar;C:\Users\Gustavo Achcar Filho\.m2\repository\org\springframework\spring-messaging\6.1.6\spring-messaging-6.1.6.jar;C:\Users\Gustavo Achcar Filho\.m2\repository\org\springframework\spring-tx\6.1.6\spring-tx-6.1.6.jar;C:\Users\Gustavo Achcar Filho\.m2\repository\org\springframework\retry\spring-retry\2.0.5\spring-retry-2.0.5.jar;C:\Users\Gustavo Achcar Filho\.m2\repository\org\apache\kafka\kafka-clients\3.6.2\kafka-clients-3.6.2.jar;C:\Users\Gustavo Achcar Filho\.m2\repository\com\github\luben\zstd-jni\1.5.5-1\zstd-jni-1.5.5-1.jar;C:\Users\Gustavo Achcar Filho\.m2\repository\org\lz4\lz4-java\1.8.0\lz4-java-1.8.0.jar;C:\Users\Gustavo Achcar Filho\.m2\repository\org\xerial\snappy\snappy-java\1.1.10.5\snappy-java-1.1.10.5.jar;C:\Users\Gustavo Achcar Filho\.m2\repository\io\micrometer\micrometer-observation\1.12.5\micrometer-observation-1.12.5.jar;C:\Users\Gustavo Achcar Filho\.m2\repository\io\micrometer\micrometer-commons\1.12.5\micrometer-commons-1.12.5.jar;C:\Users\Gustavo Achcar Filho\.m2\repository\com\google\code\findbugs\jsr305\3.0.2\jsr305-3.0.2.jar;C:\Users\Gustavo Achcar Filho\.m2\repository\software\amazon\awssdk\s3\2.25.16\s3-2.25.16.jar;C:\Users\Gustavo Achcar Filho\.m2\repository\software\amazon\awssdk\aws-xml-protocol\2.25.16\aws-xml-protocol-2.25.16.jar;C:\Users\Gustavo Achcar Filho\.m2\repository\software\amazon\awssdk\aws-query-protocol\2.25.16\aws-query-protocol-2.25.16.jar;C:\Users\Gustavo Achcar Filho\.m2\repository\software\amazon\awssdk\protocol-core\2.25.16\protocol-core-2.25.16.jar;C:\Users\Gustavo Achcar Filho\.m2\repository\software\amazon\awssdk\arns\2.25.16\arns-2.25.16.jar;C:\Users\Gustavo Achcar Filho\.m2\repository\software\amazon\awssdk\profiles\2.25.16\profiles-2.25.16.jar;C:\Users\Gustavo Achcar Filho\.m2\repository\software\amazon\awssdk\crt-core\2.25.16\crt-core-2.25.16.jar;C:\Users\Gustavo Achcar Filho\.m2\repository\software\amazon\awssdk\http-auth\2.25.16\http-auth-2.25.16.jar;C:\Users\Gustavo Achcar Filho\.m2\repository\software\amazon\awssdk\identity-spi\2.25.16\identity-spi-2.25.16.jar;C:\Users\Gustavo Achcar Filho\.m2\repository\software\amazon\awssdk\http-auth-spi\2.25.16\http-auth-spi-2.25.16.jar;C:\Users\Gustavo Achcar Filho\.m2\repository\org\reactivestreams\reactive-streams\1.0.4\reactive-streams-1.0.4.jar;C:\Users\Gustavo Achcar Filho\.m2\repository\software\amazon\awssdk\http-auth-aws\2.25.16\http-auth-aws-2.25.16.jar;C:\Users\Gustavo Achcar Filho\.m2\repository\software\amazon\awssdk\checksums\2.25.16\checksums-2.25.16.jar;C:\Users\Gustavo Achcar Filho\.m2\repository\software\amazon\awssdk\checksums-spi\2.25.16\checksums-spi-2.25.16.jar;C:\Users\Gustavo Achcar Filho\.m2\repository\software\amazon\awssdk\sdk-core\2.25.16\sdk-core-2.25.16.jar;C:\Users\Gustavo Achcar Filho\.m2\repository\software\amazon\awssdk\auth\2.25.16\auth-2.25.16.jar;C:\Users\Gustavo Achcar Filho\.m2\repository\software\amazon\eventstream\eventstream\1.0.1\eventstream-1.0.1.jar;C:\Users\Gustavo Achcar Filho\.m2\repository\software\amazon\awssdk\http-client-spi\2.25.16\http-client-spi-2.25.16.jar;C:\Users\Gustavo Achcar Filho\.m2\repository\software\amazon\awssdk\regions\2.25.16\regions-2.25.16.jar;C:\Users\Gustavo Achcar Filho\.m2\repository\software\amazon\awssdk\annotations\2.25.16\annotations-2.25.16.jar;C:\Users\Gustavo Achcar Filho\.m2\repository\software\amazon\awssdk\utils\2.25.16\utils-2.25.16.jar;C:\Users\Gustavo Achcar Filho\.m2\repository\software\amazon\awssdk\aws-core\2.25.16\aws-core-2.25.16.jar;C:\Users\Gustavo Achcar Filho\.m2\repository\software\amazon\awssdk\metrics-spi\2.25.16\metrics-spi-2.25.16.jar;C:\Users\Gustavo Achcar Filho\.m2\repository\software\amazon\awssdk\json-utils\2.25.16\json-utils-2.25.16.jar;C:\Users\Gustavo Achcar Filho\.m2\repository\software\amazon\awssdk\third-party-jackson-core\2.25.16\third-party-jackson-core-2.25.16.jar;C:\Users\Gustavo Achcar Filho\.m2\repository\software\amazon\awssdk\endpoints-spi\2.25.16\endpoints-spi-2.25.16.jar;C:\Users\Gustavo Achcar Filho\.m2\repository\software\amazon\awssdk\apache-client\2.25.16\apache-client-2.25.16.jar;C:\Users\Gustavo Achcar Filho\.m2\repository\org\apache\httpcomponents\httpclient\4.5.13\httpclient-4.5.13.jar;C:\Users\Gustavo Achcar Filho\.m2\repository\org\apache\httpcomponents\httpcore\4.4.16\httpcore-4.4.16.jar;C:\Users\Gustavo Achcar Filho\.m2\repository\commons-codec\commons-codec\1.16.1\commons-codec-1.16.1.jar;C:\Users\Gustavo Achcar Filho\.m2\repository\software\amazon\awssdk\netty-nio-client\2.25.16\netty-nio-client-2.25.16.jar;C:\Users\Gustavo Achcar Filho\.m2\repository\io\netty\netty-codec-http\4.1.109.Final\netty-codec-http-4.1.109.Final.jar;C:\Users\Gustavo Achcar Filho\.m2\repository\io\netty\netty-codec-http2\4.1.109.Final\netty-codec-http2-4.1.109.Final.jar;C:\Users\Gustavo Achcar Filho\.m2\repository\io\netty\netty-codec\4.1.109.Final\netty-codec-4.1.109.Final.jar;C:\Users\Gustavo Achcar Filho\.m2\repository\io\netty\netty-transport\4.1.109.Final\netty-transport-4.1.109.Final.jar;C:\Users\Gustavo Achcar Filho\.m2\repository\io\netty\netty-common\4.1.109.Final\netty-common-4.1.109.Final.jar;C:\Users\Gustavo Achcar Filho\.m2\repository\io\netty\netty-buffer\4.1.109.Final\netty-buffer-4.1.109.Final.jar;C:\Users\Gustavo Achcar Filho\.m2\repository\io\netty\netty-handler\4.1.109.Final\netty-handler-4.1.109.Final.jar;C:\Users\Gustavo Achcar Filho\.m2\repository\io\netty\netty-transport-native-unix-common\4.1.109.Final\netty-transport-native-unix-common-4.1.109.Final.jar;C:\Users\Gustavo Achcar Filho\.m2\repository\io\netty\netty-transport-classes-epoll\4.1.109.Final\netty-transport-classes-epoll-4.1.109.Final.jar;C:\Users\Gustavo Achcar Filho\.m2\repository\io\netty\netty-resolver\4.1.109.Final\netty-resolver-4.1.109.Final.jar;C:\Users\Gustavo Achcar Filho\.m2\repository\org\apache\pdfbox\pdfbox\3.0.5\pdfbox-3.0.5.jar;C:\Users\Gustavo Achcar Filho\.m2\repository\org\apache\pdfbox\pdfbox-io\3.0.5\pdfbox-io-3.0.5.jar;C:\Users\Gustavo Achcar Filho\.m2\repository\org\apache\pdfbox\fontbox\3.0.5\fontbox-3.0.5.jar;C:\Users\Gustavo Achcar Filho\.m2\repository\commons-logging\commons-logging\1.3.5\commons-logging-1.3.5.jar;C:\Users\Gustavo Achcar Filho\.m2\repository\net\sourceforge\tess4j\tess4j\5.16.0\tess4j-5.16.0.jar;C:\Users\Gustavo Achcar Filho\.m2\repository\net\java\dev\jna\jna\5.17.0\jna-5.17.0.jar;C:\Users\Gustavo Achcar Filho\.m2\repository\com\github\jai-imageio\jai-imageio-core\1.4.0\jai-imageio-core-1.4.0.jar;C:\Users\Gustavo Achcar Filho\.m2\repository\org\apache\pdfbox\pdfbox-tools\3.0.5\pdfbox-tools-3.0.5.jar;C:\Users\Gustavo Achcar Filho\.m2\repository\org\apache\pdfbox\pdfbox-debugger\3.0.5\pdfbox-debugger-3.0.5.jar;C:\Users\Gustavo Achcar Filho\.m2\repository\org\bouncycastle\bcpkix-jdk18on\1.80\bcpkix-jdk18on-1.80.jar;C:\Users\Gustavo Achcar Filho\.m2\repository\org\bouncycastle\bcutil-jdk18on\1.80\bcutil-jdk18on-1.80.jar;C:\Users\Gustavo Achcar Filho\.m2\repository\org\bouncycastle\bcprov-jdk18on\1.80\bcprov-jdk18on-1.80.jar;C:\Users\Gustavo Achcar Filho\.m2\repository\info\picocli\picocli\4.7.6\picocli-4.7.6.jar;C:\Users\Gustavo Achcar Filho\.m2\repository\org\apache\pdfbox\jbig2-imageio\3.0.4\jbig2-imageio-3.0.4.jar;C:\Users\Gustavo Achcar Filho\.m2\repository\commons-io\commons-io\2.19.0\commons-io-2.19.0.jar;C:\Users\Gustavo Achcar Filho\.m2\repository\net\sourceforge\lept4j\lept4j\1.21.1\lept4j-1.21.1.jar;C:\Users\Gustavo Achcar Filho\.m2\repository\org\jboss\jboss-vfs\3.2.17.Final\jboss-vfs-3.2.17.Final.jar;C:\Users\Gustavo Achcar Filho\.m2\repository\org\jboss\logging\jboss-logging\3.5.3.Final\jboss-logging-3.5.3.Final.jar;C:\Users\Gustavo Achcar Filho\.m2\repository\org\slf4j\slf4j-api\2.0.13\slf4j-api-2.0.13.jar;C:\Users\Gustavo Achcar Filho\.m2\repository\org\projectlombok\lombok\1.18.38\lombok-1.18.38.jar;C:\Users\Gustavo Achcar Filho\.m2\repository\org\springframework\boot\spring-boot-starter-test\3.2.5\spring-boot-starter-test-3.2.5.jar;C:\Users\Gustavo Achcar Filho\.m2\repository\org\springframework\boot\spring-boot-test\3.2.5\spring-boot-test-3.2.5.jar;C:\Users\Gustavo Achcar Filho\.m2\repository\org\springframework\boot\spring-boot-test-autoconfigure\3.2.5\spring-boot-test-autoconfigure-3.2.5.jar;C:\Users\Gustavo Achcar Filho\.m2\repository\com\jayway\jsonpath\json-path\2.9.0\json-path-2.9.0.jar;C:\Users\Gustavo Achcar Filho\.m2\repository\jakarta\xml\bind\jakarta.xml.bind-api\4.0.2\jakarta.xml.bind-api-4.0.2.jar;C:\Users\Gustavo Achcar Filho\.m2\repository\jakarta\activation\jakarta.activation-api\2.1.3\jakarta.activation-api-2.1.3.jar;C:\Users\Gustavo Achcar Filho\.m2\repository\net\minidev\json-smart\2.5.1\json-smart-2.5.1.jar;C:\Users\Gustavo Achcar Filho\.m2\repository\net\minidev\accessors-smart\2.5.1\accessors-smart-2.5.1.jar;C:\Users\Gustavo Achcar Filho\.m2\repository\org\ow2\asm\asm\9.6\asm-9.6.jar;C:\Users\Gustavo Achcar Filho\.m2\repository\org\assertj\assertj-core\3.24.2\assertj-core-3.24.2.jar;C:\Users\Gustavo Achcar Filho\.m2\repository\net\bytebuddy\byte-buddy\1.14.13\byte-buddy-1.14.13.jar;C:\Users\Gustavo Achcar Filho\.m2\repository\org\awaitility\awaitility\4.2.1\awaitility-4.2.1.jar;C:\Users\Gustavo Achcar Filho\.m2\repository\org\hamcrest\hamcrest\2.2\hamcrest-2.2.jar;C:\Users\Gustavo Achcar Filho\.m2\repository\org\junit\jupiter\junit-jupiter\5.10.2\junit-jupiter-5.10.2.jar;C:\Users\Gustavo Achcar Filho\.m2\repository\org\junit\jupiter\junit-jupiter-api\5.10.2\junit-jupiter-api-5.10.2.jar;C:\Users\Gustavo Achcar Filho\.m2\repository\org\opentest4j\opentest4j\1.3.0\opentest4j-1.3.0.jar;C:\Users\Gustavo Achcar Filho\.m2\repository\org\junit\platform\junit-platform-commons\1.10.2\junit-platform-commons-1.10.2.jar;C:\Users\Gustavo Achcar Filho\.m2\repository\org\apiguardian\apiguardian-api\1.1.2\apiguardian-api-1.1.2.jar;C:\Users\Gustavo Achcar Filho\.m2\repository\org\junit\jupiter\junit-jupiter-params\5.10.2\junit-jupiter-params-5.10.2.jar;C:\Users\Gustavo Achcar Filho\.m2\repository\org\junit\jupiter\junit-jupiter-engine\5.10.2\junit-jupiter-engine-5.10.2.jar;C:\Users\Gustavo Achcar Filho\.m2\repository\org\junit\platform\junit-platform-engine\1.10.2\junit-platform-engine-1.10.2.jar;C:\Users\Gustavo Achcar Filho\.m2\repository\org\mockito\mockito-core\5.7.0\mockito-core-5.7.0.jar;C:\Users\Gustavo Achcar Filho\.m2\repository\net\bytebuddy\byte-buddy-agent\1.14.13\byte-buddy-agent-1.14.13.jar;C:\Users\Gustavo Achcar Filho\.m2\repository\org\objenesis\objenesis\3.3\objenesis-3.3.jar;C:\Users\Gustavo Achcar Filho\.m2\repository\org\mockito\mockito-junit-jupiter\5.7.0\mockito-junit-jupiter-5.7.0.jar;C:\Users\Gustavo Achcar Filho\.m2\repository\org\skyscreamer\jsonassert\1.5.1\jsonassert-1.5.1.jar;C:\Users\Gustavo Achcar Filho\.m2\repository\com\vaadin\external\google\android-json\0.0.20131108.vaadin1\android-json-0.0.20131108.vaadin1.jar;C:\Users\Gustavo Achcar Filho\.m2\repository\org\springframework\spring-core\6.1.6\spring-core-6.1.6.jar;C:\Users\Gustavo Achcar Filho\.m2\repository\org\springframework\spring-jcl\6.1.6\spring-jcl-6.1.6.jar;C:\Users\Gustavo Achcar Filho\.m2\repository\org\springframework\spring-test\6.1.6\spring-test-6.1.6.jar;C:\Users\Gustavo Achcar Filho\.m2\repository\org\xmlunit\xmlunit-core\2.9.1\xmlunit-core-2.9.1.jar;"/>
    <property name="java.vm.vendor" value="Oracle Corporation"/>
    <property name="sun.arch.data.model" value="64"/>
    <property name="user.variant" value=""/>
    <property name="java.vendor.url" value="https://java.oracle.com/"/>
    <property name="user.timezone" value="America/Sao_Paulo"/>
    <property name="org.jboss.logging.provider" value="slf4j"/>
    <property name="os.name" value="Windows 11"/>
    <property name="java.vm.specification.version" value="24"/>
    <property name="sun.java.launcher" value="SUN_STANDARD"/>
    <property name="user.country" value="BR"/>
    <property name="sun.boot.library.path" value="C:\Users\Gustavo Achcar Filho\.jdks\openjdk-24.0.1\bin"/>
    <property name="sun.java.command" value="C:\Users\Gustavo Achcar Filho\AppData\Local\Temp\surefire2111021095969018065\surefirebooter-20250709113555921_3.jar C:\Users\Gustavo Achcar Filho\AppData\Local\Temp\surefire2111021095969018065 2025-07-09T11-35-46_358-jvmRun1 surefire-20250709113555921_1tmp surefire_0-20250709113555921_2tmp"/>
    <property name="jdk.debug" value="release"/>
    <property name="surefire.test.class.path" value="C:\Users\Gustavo Achcar Filho\Desktop\projects\easycomm-monorepo\easycomm-processor\target\test-classes;C:\Users\Gustavo Achcar Filho\Desktop\projects\easycomm-monorepo\easycomm-processor\target\classes;C:\Users\Gustavo Achcar Filho\Desktop\projects\easycomm-monorepo\easycomm-core\target\easycomm-core-0.0.1-SNAPSHOT.jar;C:\Users\Gustavo Achcar Filho\.m2\repository\org\springframework\boot\spring-boot-starter-security\3.2.5\spring-boot-starter-security-3.2.5.jar;C:\Users\Gustavo Achcar Filho\.m2\repository\org\springframework\spring-aop\6.1.6\spring-aop-6.1.6.jar;C:\Users\Gustavo Achcar Filho\.m2\repository\org\springframework\security\spring-security-config\6.2.4\spring-security-config-6.2.4.jar;C:\Users\Gustavo Achcar Filho\.m2\repository\org\springframework\security\spring-security-core\6.2.4\spring-security-core-6.2.4.jar;C:\Users\Gustavo Achcar Filho\.m2\repository\org\springframework\security\spring-security-crypto\6.2.4\spring-security-crypto-6.2.4.jar;C:\Users\Gustavo Achcar Filho\.m2\repository\org\springframework\security\spring-security-web\6.2.4\spring-security-web-6.2.4.jar;C:\Users\Gustavo Achcar Filho\.m2\repository\org\springframework\spring-web\6.1.6\spring-web-6.1.6.jar;C:\Users\Gustavo Achcar Filho\.m2\repository\jakarta\validation\jakarta.validation-api\3.1.1\jakarta.validation-api-3.1.1.jar;C:\Users\Gustavo Achcar Filho\.m2\repository\org\springframework\boot\spring-boot-starter-data-mongodb\3.2.5\spring-boot-starter-data-mongodb-3.2.5.jar;C:\Users\Gustavo Achcar Filho\.m2\repository\org\springframework\boot\spring-boot-starter\3.2.5\spring-boot-starter-3.2.5.jar;C:\Users\Gustavo Achcar Filho\.m2\repository\org\springframework\boot\spring-boot\3.2.5\spring-boot-3.2.5.jar;C:\Users\Gustavo Achcar Filho\.m2\repository\org\springframework\boot\spring-boot-autoconfigure\3.2.5\spring-boot-autoconfigure-3.2.5.jar;C:\Users\Gustavo Achcar Filho\.m2\repository\org\springframework\boot\spring-boot-starter-logging\3.2.5\spring-boot-starter-logging-3.2.5.jar;C:\Users\Gustavo Achcar Filho\.m2\repository\ch\qos\logback\logback-classic\1.4.14\logback-classic-1.4.14.jar;C:\Users\Gustavo Achcar Filho\.m2\repository\ch\qos\logback\logback-core\1.4.14\logback-core-1.4.14.jar;C:\Users\Gustavo Achcar Filho\.m2\repository\org\apache\logging\log4j\log4j-to-slf4j\2.21.1\log4j-to-slf4j-2.21.1.jar;C:\Users\Gustavo Achcar Filho\.m2\repository\org\apache\logging\log4j\log4j-api\2.21.1\log4j-api-2.21.1.jar;C:\Users\Gustavo Achcar Filho\.m2\repository\org\slf4j\jul-to-slf4j\2.0.13\jul-to-slf4j-2.0.13.jar;C:\Users\Gustavo Achcar Filho\.m2\repository\jakarta\annotation\jakarta.annotation-api\2.1.1\jakarta.annotation-api-2.1.1.jar;C:\Users\Gustavo Achcar Filho\.m2\repository\org\yaml\snakeyaml\2.2\snakeyaml-2.2.jar;C:\Users\Gustavo Achcar Filho\.m2\repository\org\mongodb\mongodb-driver-sync\4.11.2\mongodb-driver-sync-4.11.2.jar;C:\Users\Gustavo Achcar Filho\.m2\repository\org\mongodb\bson\4.11.2\bson-4.11.2.jar;C:\Users\Gustavo Achcar Filho\.m2\repository\org\mongodb\mongodb-driver-core\4.11.2\mongodb-driver-core-4.11.2.jar;C:\Users\Gustavo Achcar Filho\.m2\repository\org\mongodb\bson-record-codec\4.11.2\bson-record-codec-4.11.2.jar;C:\Users\Gustavo Achcar Filho\.m2\repository\org\springframework\data\spring-data-mongodb\4.2.5\spring-data-mongodb-4.2.5.jar;C:\Users\Gustavo Achcar Filho\.m2\repository\org\springframework\spring-beans\6.1.6\spring-beans-6.1.6.jar;C:\Users\Gustavo Achcar Filho\.m2\repository\org\springframework\spring-expression\6.1.6\spring-expression-6.1.6.jar;C:\Users\Gustavo Achcar Filho\.m2\repository\org\springframework\data\spring-data-commons\3.2.5\spring-data-commons-3.2.5.jar;C:\Users\Gustavo Achcar Filho\.m2\repository\org\springframework\kafka\spring-kafka\3.1.4\spring-kafka-3.1.4.jar;C:\Users\Gustavo Achcar Filho\.m2\repository\org\springframework\spring-context\6.1.6\spring-context-6.1.6.jar;C:\Users\Gustavo Achcar Filho\.m2\repository\org\springframework\spring-messaging\6.1.6\spring-messaging-6.1.6.jar;C:\Users\Gustavo Achcar Filho\.m2\repository\org\springframework\spring-tx\6.1.6\spring-tx-6.1.6.jar;C:\Users\Gustavo Achcar Filho\.m2\repository\org\springframework\retry\spring-retry\2.0.5\spring-retry-2.0.5.jar;C:\Users\Gustavo Achcar Filho\.m2\repository\org\apache\kafka\kafka-clients\3.6.2\kafka-clients-3.6.2.jar;C:\Users\Gustavo Achcar Filho\.m2\repository\com\github\luben\zstd-jni\1.5.5-1\zstd-jni-1.5.5-1.jar;C:\Users\Gustavo Achcar Filho\.m2\repository\org\lz4\lz4-java\1.8.0\lz4-java-1.8.0.jar;C:\Users\Gustavo Achcar Filho\.m2\repository\org\xerial\snappy\snappy-java\1.1.10.5\snappy-java-1.1.10.5.jar;C:\Users\Gustavo Achcar Filho\.m2\repository\io\micrometer\micrometer-observation\1.12.5\micrometer-observation-1.12.5.jar;C:\Users\Gustavo Achcar Filho\.m2\repository\io\micrometer\micrometer-commons\1.12.5\micrometer-commons-1.12.5.jar;C:\Users\Gustavo Achcar Filho\.m2\repository\com\google\code\findbugs\jsr305\3.0.2\jsr305-3.0.2.jar;C:\Users\Gustavo Achcar Filho\.m2\repository\software\amazon\awssdk\s3\2.25.16\s3-2.25.16.jar;C:\Users\Gustavo Achcar Filho\.m2\repository\software\amazon\awssdk\aws-xml-protocol\2.25.16\aws-xml-protocol-2.25.16.jar;C:\Users\Gustavo Achcar Filho\.m2\repository\software\amazon\awssdk\aws-query-protocol\2.25.16\aws-query-protocol-2.25.16.jar;C:\Users\Gustavo Achcar Filho\.m2\repository\software\amazon\awssdk\protocol-core\2.25.16\protocol-core-2.25.16.jar;C:\Users\Gustavo Achcar Filho\.m2\repository\software\amazon\awssdk\arns\2.25.16\arns-2.25.16.jar;C:\Users\Gustavo Achcar Filho\.m2\repository\software\amazon\awssdk\profiles\2.25.16\profiles-2.25.16.jar;C:\Users\Gustavo Achcar Filho\.m2\repository\software\amazon\awssdk\crt-core\2.25.16\crt-core-2.25.16.jar;C:\Users\Gustavo Achcar Filho\.m2\repository\software\amazon\awssdk\http-auth\2.25.16\http-auth-2.25.16.jar;C:\Users\Gustavo Achcar Filho\.m2\repository\software\amazon\awssdk\identity-spi\2.25.16\identity-spi-2.25.16.jar;C:\Users\Gustavo Achcar Filho\.m2\repository\software\amazon\awssdk\http-auth-spi\2.25.16\http-auth-spi-2.25.16.jar;C:\Users\Gustavo Achcar Filho\.m2\repository\org\reactivestreams\reactive-streams\1.0.4\reactive-streams-1.0.4.jar;C:\Users\Gustavo Achcar Filho\.m2\repository\software\amazon\awssdk\http-auth-aws\2.25.16\http-auth-aws-2.25.16.jar;C:\Users\Gustavo Achcar Filho\.m2\repository\software\amazon\awssdk\checksums\2.25.16\checksums-2.25.16.jar;C:\Users\Gustavo Achcar Filho\.m2\repository\software\amazon\awssdk\checksums-spi\2.25.16\checksums-spi-2.25.16.jar;C:\Users\Gustavo Achcar Filho\.m2\repository\software\amazon\awssdk\sdk-core\2.25.16\sdk-core-2.25.16.jar;C:\Users\Gustavo Achcar Filho\.m2\repository\software\amazon\awssdk\auth\2.25.16\auth-2.25.16.jar;C:\Users\Gustavo Achcar Filho\.m2\repository\software\amazon\eventstream\eventstream\1.0.1\eventstream-1.0.1.jar;C:\Users\Gustavo Achcar Filho\.m2\repository\software\amazon\awssdk\http-client-spi\2.25.16\http-client-spi-2.25.16.jar;C:\Users\Gustavo Achcar Filho\.m2\repository\software\amazon\awssdk\regions\2.25.16\regions-2.25.16.jar;C:\Users\Gustavo Achcar Filho\.m2\repository\software\amazon\awssdk\annotations\2.25.16\annotations-2.25.16.jar;C:\Users\Gustavo Achcar Filho\.m2\repository\software\amazon\awssdk\utils\2.25.16\utils-2.25.16.jar;C:\Users\Gustavo Achcar Filho\.m2\repository\software\amazon\awssdk\aws-core\2.25.16\aws-core-2.25.16.jar;C:\Users\Gustavo Achcar Filho\.m2\repository\software\amazon\awssdk\metrics-spi\2.25.16\metrics-spi-2.25.16.jar;C:\Users\Gustavo Achcar Filho\.m2\repository\software\amazon\awssdk\json-utils\2.25.16\json-utils-2.25.16.jar;C:\Users\Gustavo Achcar Filho\.m2\repository\software\amazon\awssdk\third-party-jackson-core\2.25.16\third-party-jackson-core-2.25.16.jar;C:\Users\Gustavo Achcar Filho\.m2\repository\software\amazon\awssdk\endpoints-spi\2.25.16\endpoints-spi-2.25.16.jar;C:\Users\Gustavo Achcar Filho\.m2\repository\software\amazon\awssdk\apache-client\2.25.16\apache-client-2.25.16.jar;C:\Users\Gustavo Achcar Filho\.m2\repository\org\apache\httpcomponents\httpclient\4.5.13\httpclient-4.5.13.jar;C:\Users\Gustavo Achcar Filho\.m2\repository\org\apache\httpcomponents\httpcore\4.4.16\httpcore-4.4.16.jar;C:\Users\Gustavo Achcar Filho\.m2\repository\commons-codec\commons-codec\1.16.1\commons-codec-1.16.1.jar;C:\Users\Gustavo Achcar Filho\.m2\repository\software\amazon\awssdk\netty-nio-client\2.25.16\netty-nio-client-2.25.16.jar;C:\Users\Gustavo Achcar Filho\.m2\repository\io\netty\netty-codec-http\4.1.109.Final\netty-codec-http-4.1.109.Final.jar;C:\Users\Gustavo Achcar Filho\.m2\repository\io\netty\netty-codec-http2\4.1.109.Final\netty-codec-http2-4.1.109.Final.jar;C:\Users\Gustavo Achcar Filho\.m2\repository\io\netty\netty-codec\4.1.109.Final\netty-codec-4.1.109.Final.jar;C:\Users\Gustavo Achcar Filho\.m2\repository\io\netty\netty-transport\4.1.109.Final\netty-transport-4.1.109.Final.jar;C:\Users\Gustavo Achcar Filho\.m2\repository\io\netty\netty-common\4.1.109.Final\netty-common-4.1.109.Final.jar;C:\Users\Gustavo Achcar Filho\.m2\repository\io\netty\netty-buffer\4.1.109.Final\netty-buffer-4.1.109.Final.jar;C:\Users\Gustavo Achcar Filho\.m2\repository\io\netty\netty-handler\4.1.109.Final\netty-handler-4.1.109.Final.jar;C:\Users\Gustavo Achcar Filho\.m2\repository\io\netty\netty-transport-native-unix-common\4.1.109.Final\netty-transport-native-unix-common-4.1.109.Final.jar;C:\Users\Gustavo Achcar Filho\.m2\repository\io\netty\netty-transport-classes-epoll\4.1.109.Final\netty-transport-classes-epoll-4.1.109.Final.jar;C:\Users\Gustavo Achcar Filho\.m2\repository\io\netty\netty-resolver\4.1.109.Final\netty-resolver-4.1.109.Final.jar;C:\Users\Gustavo Achcar Filho\.m2\repository\org\apache\pdfbox\pdfbox\3.0.5\pdfbox-3.0.5.jar;C:\Users\Gustavo Achcar Filho\.m2\repository\org\apache\pdfbox\pdfbox-io\3.0.5\pdfbox-io-3.0.5.jar;C:\Users\Gustavo Achcar Filho\.m2\repository\org\apache\pdfbox\fontbox\3.0.5\fontbox-3.0.5.jar;C:\Users\Gustavo Achcar Filho\.m2\repository\commons-logging\commons-logging\1.3.5\commons-logging-1.3.5.jar;C:\Users\Gustavo Achcar Filho\.m2\repository\net\sourceforge\tess4j\tess4j\5.16.0\tess4j-5.16.0.jar;C:\Users\Gustavo Achcar Filho\.m2\repository\net\java\dev\jna\jna\5.17.0\jna-5.17.0.jar;C:\Users\Gustavo Achcar Filho\.m2\repository\com\github\jai-imageio\jai-imageio-core\1.4.0\jai-imageio-core-1.4.0.jar;C:\Users\Gustavo Achcar Filho\.m2\repository\org\apache\pdfbox\pdfbox-tools\3.0.5\pdfbox-tools-3.0.5.jar;C:\Users\Gustavo Achcar Filho\.m2\repository\org\apache\pdfbox\pdfbox-debugger\3.0.5\pdfbox-debugger-3.0.5.jar;C:\Users\Gustavo Achcar Filho\.m2\repository\org\bouncycastle\bcpkix-jdk18on\1.80\bcpkix-jdk18on-1.80.jar;C:\Users\Gustavo Achcar Filho\.m2\repository\org\bouncycastle\bcutil-jdk18on\1.80\bcutil-jdk18on-1.80.jar;C:\Users\Gustavo Achcar Filho\.m2\repository\org\bouncycastle\bcprov-jdk18on\1.80\bcprov-jdk18on-1.80.jar;C:\Users\Gustavo Achcar Filho\.m2\repository\info\picocli\picocli\4.7.6\picocli-4.7.6.jar;C:\Users\Gustavo Achcar Filho\.m2\repository\org\apache\pdfbox\jbig2-imageio\3.0.4\jbig2-imageio-3.0.4.jar;C:\Users\Gustavo Achcar Filho\.m2\repository\commons-io\commons-io\2.19.0\commons-io-2.19.0.jar;C:\Users\Gustavo Achcar Filho\.m2\repository\net\sourceforge\lept4j\lept4j\1.21.1\lept4j-1.21.1.jar;C:\Users\Gustavo Achcar Filho\.m2\repository\org\jboss\jboss-vfs\3.2.17.Final\jboss-vfs-3.2.17.Final.jar;C:\Users\Gustavo Achcar Filho\.m2\repository\org\jboss\logging\jboss-logging\3.5.3.Final\jboss-logging-3.5.3.Final.jar;C:\Users\Gustavo Achcar Filho\.m2\repository\org\slf4j\slf4j-api\2.0.13\slf4j-api-2.0.13.jar;C:\Users\Gustavo Achcar Filho\.m2\repository\org\projectlombok\lombok\1.18.38\lombok-1.18.38.jar;C:\Users\Gustavo Achcar Filho\.m2\repository\org\springframework\boot\spring-boot-starter-test\3.2.5\spring-boot-starter-test-3.2.5.jar;C:\Users\Gustavo Achcar Filho\.m2\repository\org\springframework\boot\spring-boot-test\3.2.5\spring-boot-test-3.2.5.jar;C:\Users\Gustavo Achcar Filho\.m2\repository\org\springframework\boot\spring-boot-test-autoconfigure\3.2.5\spring-boot-test-autoconfigure-3.2.5.jar;C:\Users\Gustavo Achcar Filho\.m2\repository\com\jayway\jsonpath\json-path\2.9.0\json-path-2.9.0.jar;C:\Users\Gustavo Achcar Filho\.m2\repository\jakarta\xml\bind\jakarta.xml.bind-api\4.0.2\jakarta.xml.bind-api-4.0.2.jar;C:\Users\Gustavo Achcar Filho\.m2\repository\jakarta\activation\jakarta.activation-api\2.1.3\jakarta.activation-api-2.1.3.jar;C:\Users\Gustavo Achcar Filho\.m2\repository\net\minidev\json-smart\2.5.1\json-smart-2.5.1.jar;C:\Users\Gustavo Achcar Filho\.m2\repository\net\minidev\accessors-smart\2.5.1\accessors-smart-2.5.1.jar;C:\Users\Gustavo Achcar Filho\.m2\repository\org\ow2\asm\asm\9.6\asm-9.6.jar;C:\Users\Gustavo Achcar Filho\.m2\repository\org\assertj\assertj-core\3.24.2\assertj-core-3.24.2.jar;C:\Users\Gustavo Achcar Filho\.m2\repository\net\bytebuddy\byte-buddy\1.14.13\byte-buddy-1.14.13.jar;C:\Users\Gustavo Achcar Filho\.m2\repository\org\awaitility\awaitility\4.2.1\awaitility-4.2.1.jar;C:\Users\Gustavo Achcar Filho\.m2\repository\org\hamcrest\hamcrest\2.2\hamcrest-2.2.jar;C:\Users\Gustavo Achcar Filho\.m2\repository\org\junit\jupiter\junit-jupiter\5.10.2\junit-jupiter-5.10.2.jar;C:\Users\Gustavo Achcar Filho\.m2\repository\org\junit\jupiter\junit-jupiter-api\5.10.2\junit-jupiter-api-5.10.2.jar;C:\Users\Gustavo Achcar Filho\.m2\repository\org\opentest4j\opentest4j\1.3.0\opentest4j-1.3.0.jar;C:\Users\Gustavo Achcar Filho\.m2\repository\org\junit\platform\junit-platform-commons\1.10.2\junit-platform-commons-1.10.2.jar;C:\Users\Gustavo Achcar Filho\.m2\repository\org\apiguardian\apiguardian-api\1.1.2\apiguardian-api-1.1.2.jar;C:\Users\Gustavo Achcar Filho\.m2\repository\org\junit\jupiter\junit-jupiter-params\5.10.2\junit-jupiter-params-5.10.2.jar;C:\Users\Gustavo Achcar Filho\.m2\repository\org\junit\jupiter\junit-jupiter-engine\5.10.2\junit-jupiter-engine-5.10.2.jar;C:\Users\Gustavo Achcar Filho\.m2\repository\org\junit\platform\junit-platform-engine\1.10.2\junit-platform-engine-1.10.2.jar;C:\Users\Gustavo Achcar Filho\.m2\repository\org\mockito\mockito-core\5.7.0\mockito-core-5.7.0.jar;C:\Users\Gustavo Achcar Filho\.m2\repository\net\bytebuddy\byte-buddy-agent\1.14.13\byte-buddy-agent-1.14.13.jar;C:\Users\Gustavo Achcar Filho\.m2\repository\org\objenesis\objenesis\3.3\objenesis-3.3.jar;C:\Users\Gustavo Achcar Filho\.m2\repository\org\mockito\mockito-junit-jupiter\5.7.0\mockito-junit-jupiter-5.7.0.jar;C:\Users\Gustavo Achcar Filho\.m2\repository\org\skyscreamer\jsonassert\1.5.1\jsonassert-1.5.1.jar;C:\Users\Gustavo Achcar Filho\.m2\repository\com\vaadin\external\google\android-json\0.0.20131108.vaadin1\android-json-0.0.20131108.vaadin1.jar;C:\Users\Gustavo Achcar Filho\.m2\repository\org\springframework\spring-core\6.1.6\spring-core-6.1.6.jar;C:\Users\Gustavo Achcar Filho\.m2\repository\org\springframework\spring-jcl\6.1.6\spring-jcl-6.1.6.jar;C:\Users\Gustavo Achcar Filho\.m2\repository\org\springframework\spring-test\6.1.6\spring-test-6.1.6.jar;C:\Users\Gustavo Achcar Filho\.m2\repository\org\xmlunit\xmlunit-core\2.9.1\xmlunit-core-2.9.1.jar;"/>
    <property name="sun.cpu.endian" value="little"/>
    <property name="user.home" value="C:\Users\Gustavo Achcar Filho"/>
    <property name="user.language" value="pt"/>
    <property name="java.specification.vendor" value="Oracle Corporation"/>
    <property name="java.version.date" value="2025-04-15"/>
    <property name="java.home" value="C:\Users\Gustavo Achcar Filho\.jdks\openjdk-24.0.1"/>
    <property name="file.separator" value="\"/>
    <property name="basedir" value="C:\Users\Gustavo Achcar Filho\Desktop\projects\easycomm-monorepo\easycomm-processor"/>
    <property name="java.vm.compressedOopsMode" value="Zero based"/>
    <property name="line.separator" value="&#10;"/>
    <property name="java.vm.specification.vendor" value="Oracle Corporation"/>
    <property name="java.specification.name" value="Java Platform API Specification"/>
    <property name="FILE_LOG_CHARSET" value="UTF-8"/>
    <property name="java.awt.headless" value="true"/>
    <property name="surefire.real.class.path" value="C:\Users\Gustavo Achcar Filho\AppData\Local\Temp\surefire2111021095969018065\surefirebooter-20250709113555921_3.jar"/>
    <property name="user.script" value=""/>
    <property name="sun.management.compiler" value="HotSpot 64-Bit Tiered Compilers"/>
    <property name="java.runtime.version" value="24.0.1+9-30"/>
    <property name="user.name" value="Gustavo Achcar Filho"/>
    <property name="stdout.encoding" value="Cp1252"/>
    <property name="path.separator" value=";"/>
    <property name="os.version" value="10.0"/>
    <property name="java.runtime.name" value="OpenJDK Runtime Environment"/>
    <property name="file.encoding" value="UTF-8"/>
    <property name="java.vm.name" value="OpenJDK 64-Bit Server VM"/>
    <property name="localRepository" value="C:\Users\Gustavo Achcar Filho\.m2\repository"/>
    <property name="java.vendor.url.bug" value="https://bugreport.java.com/bugreport/"/>
    <property name="java.io.tmpdir" value="C:\Users\GUSTAV~1\AppData\Local\Temp\"/>
    <property name="idea.version" value="2025.1.2"/>
    <property name="java.version" value="24.0.1"/>
    <property name="user.dir" value="C:\Users\Gustavo Achcar Filho\Desktop\projects\easycomm-monorepo\easycomm-processor"/>
    <property name="os.arch" value="amd64"/>
    <property name="java.vm.specification.name" value="Java Virtual Machine Specification"/>
    <property name="PID" value="11164"/>
    <property name="sun.os.patch.level" value=""/>
    <property name="CONSOLE_LOG_CHARSET" value="UTF-8"/>
    <property name="native.encoding" value="Cp1252"/>
    <property name="java.library.path" value="C:\Users\Gustavo Achcar Filho\.jdks\openjdk-24.0.1\bin;C:\Windows\Sun\Java\bin;C:\Windows\system32;C:\Windows;C:\Program Files (x86)\Common Files\Oracle\Java\java8path;C:\Program Files (x86)\Common Files\Oracle\Java\javapath;C:\Windows\system32;C:\Windows;C:\Windows\System32\Wbem;C:\Windows\System32\WindowsPowerShell\v1.0\;C:\Windows\System32\OpenSSH\;C:\Program Files (x86)\NVIDIA Corporation\PhysX\Common;C:\Program Files\NVIDIA Corporation\NVIDIA NvDLISR;C:\Users\Gustavo Achcar Filho\AppData\Local\nvm;C:\nvm4w\nodejs;C:\Program Files\Git\cmd;C:\Program Files\Docker\Docker\resources\bin;C:\Users\Gustavo Achcar Filho\AppData\Local\Microsoft\WindowsApps;C:\Users\Gustavo Achcar Filho\AppData\Local\Programs\Microsoft VS Code\bin;C:\Users\Gustavo Achcar Filho\AppData\Local\nvm;C:\nvm4w\nodejs;C:\Users\Gustavo Achcar Filho\AppData\Local\Programs\cursor\resources\app\bin;."/>
    <property name="java.vm.info" value="mixed mode, sharing"/>
    <property name="stderr.encoding" value="Cp1252"/>
    <property name="java.vendor" value="Oracle Corporation"/>
    <property name="java.vm.version" value="24.0.1+9-30"/>
    <property name="sun.io.unicode.encoding" value="UnicodeLittle"/>
    <property name="java.class.version" value="68.0"/>
    <property name="LOGGED_APPLICATION_NAME" value="[easycomm-processor] "/>
  </properties>
  <testcase name="contextLoads" classname="com.achcar_solutions.easycomm_processor.EasycommProcessorApplicationTests" time="0.624">
    <system-out><![CDATA[Standard Commons Logging discovery in action with spring-jcl: please remove commons-logging.jar from classpath in order to avoid potential conflicts
11:35:57.209 [main] INFO org.springframework.test.context.support.AnnotationConfigContextLoaderUtils -- Could not detect default configuration classes for test class [com.achcar_solutions.easycomm_processor.EasycommProcessorApplicationTests]: EasycommProcessorApplicationTests does not declare any static, non-private, non-final, nested classes annotated with @Configuration.
11:35:57.386 [main] INFO org.springframework.boot.test.context.SpringBootTestContextBootstrapper -- Found @SpringBootConfiguration com.achcar_solutions.easycomm_processor.EasycommProcessorApplication for test class com.achcar_solutions.easycomm_processor.EasycommProcessorApplicationTests

  .   ____          _            __ _ _
 /\\ / ___'_ __ _ _(_)_ __  __ _ \ \ \ \
( ( )\___ | '_ | '_| | '_ \/ _` | \ \ \ \
 \\/  ___)| |_)| | | | | || (_| |  ) ) ) )
  '  |____| .__|_| |_|_| |_\__, | / / / /
 =========|_|==============|___/=/_/_/_/
 :: Spring Boot ::                (v3.2.5)

2025-07-09T11:35:57.812-03:00  INFO 11164 --- [easycomm-processor] [           main] c.a.e.EasycommProcessorApplicationTests  : Starting EasycommProcessorApplicationTests using Java 24.0.1 with PID 11164 (started by Gustavo Achcar Filho in C:\Users\Gustavo Achcar Filho\Desktop\projects\easycomm-monorepo\easycomm-processor)
2025-07-09T11:35:57.815-03:00  INFO 11164 --- [easycomm-processor] [           main] c.a.e.EasycommProcessorApplicationTests  : No active profile set, falling back to 1 default profile: "default"
2025-07-09T11:35:58.161-03:00  INFO 11164 --- [easycomm-processor] [           main] .s.d.r.c.RepositoryConfigurationDelegate : Bootstrapping Spring Data MongoDB repositories in DEFAULT mode.
2025-07-09T11:35:58.173-03:00  INFO 11164 --- [easycomm-processor] [           main] .s.d.r.c.RepositoryConfigurationDelegate : Finished Spring Data repository scanning in 9 ms. Found 0 MongoDB repository interfaces.
2025-07-09T11:35:58.598-03:00  INFO 11164 --- [easycomm-processor] [           main] org.mongodb.driver.client                : MongoClient with metadata {"driver": {"name": "mongo-java-driver|sync|spring-boot", "version": "4.11.2"}, "os": {"type": "Windows", "name": "Windows 11", "architecture": "amd64", "version": "10.0"}, "platform": "Java/Oracle Corporation/24.0.1+9-30"} created with settings MongoClientSettings{readPreference=primary, writeConcern=WriteConcern{w=null, wTimeout=null ms, journal=null}, retryWrites=true, retryReads=true, readConcern=ReadConcern{level=null}, credential=null, transportSettings=null, streamFactoryFactory=null, commandListeners=[], codecRegistry=ProvidersCodecRegistry{codecProviders=[ValueCodecProvider{}, BsonValueCodecProvider{}, DBRefCodecProvider{}, DBObjectCodecProvider{}, DocumentCodecProvider{}, CollectionCodecProvider{}, IterableCodecProvider{}, MapCodecProvider{}, GeoJsonCodecProvider{}, GridFSFileCodecProvider{}, Jsr310CodecProvider{}, JsonObjectCodecProvider{}, BsonCodecProvider{}, EnumCodecProvider{}, com.mongodb.client.model.mql.ExpressionCodecProvider@ed91d8d, com.mongodb.Jep395RecordCodecProvider@446626a7, com.mongodb.KotlinCodecProvider@429f7919]}, loggerSettings=LoggerSettings{maxDocumentLength=1000}, clusterSettings={hosts=[localhost:27017], srvServiceName=mongodb, mode=SINGLE, requiredClusterType=UNKNOWN, requiredReplicaSetName='null', serverSelector='null', clusterListeners='[]', serverSelectionTimeout='30000 ms', localThreshold='15 ms'}, socketSettings=SocketSettings{connectTimeoutMS=10000, readTimeoutMS=0, receiveBufferSize=0, proxySettings=ProxySettings{host=null, port=null, username=null, password=null}}, heartbeatSocketSettings=SocketSettings{connectTimeoutMS=10000, readTimeoutMS=10000, receiveBufferSize=0, proxySettings=ProxySettings{host=null, port=null, username=null, password=null}}, connectionPoolSettings=ConnectionPoolSettings{maxSize=100, minSize=0, maxWaitTimeMS=120000, maxConnectionLifeTimeMS=0, maxConnectionIdleTimeMS=0, maintenanceInitialDelayMS=0, maintenanceFrequencyMS=60000, connectionPoolListeners=[], maxConnecting=2}, serverSettings=ServerSettings{heartbeatFrequencyMS=10000, minHeartbeatFrequencyMS=500, serverListeners='[]', serverMonitorListeners='[]'}, sslSettings=SslSettings{enabled=false, invalidHostNameAllowed=false, context=null}, applicationName='null', compressorList=[], uuidRepresentation=JAVA_LEGACY, serverApi=null, autoEncryptionSettings=null, dnsClient=null, inetAddressResolver=null, contextProvider=null}
2025-07-09T11:35:58.607-03:00  INFO 11164 --- [easycomm-processor] [localhost:27017] org.mongodb.driver.cluster               : Exception in monitor thread while connecting to server localhost:27017

com.mongodb.MongoSocketOpenException: Exception opening socket
	at com.mongodb.internal.connection.SocketStream.lambda$open$0(SocketStream.java:84) ~[mongodb-driver-core-4.11.2.jar:na]
	at java.base/java.util.Optional.orElseThrow(Optional.java:403) ~[na:na]
	at com.mongodb.internal.connection.SocketStream.open(SocketStream.java:84) ~[mongodb-driver-core-4.11.2.jar:na]
	at com.mongodb.internal.connection.InternalStreamConnection.open(InternalStreamConnection.java:211) ~[mongodb-driver-core-4.11.2.jar:na]
	at com.mongodb.internal.connection.DefaultServerMonitor$ServerMonitorRunnable.lookupServerDescription(DefaultServerMonitor.java:193) ~[mongodb-driver-core-4.11.2.jar:na]
	at com.mongodb.internal.connection.DefaultServerMonitor$ServerMonitorRunnable.run(DefaultServerMonitor.java:153) ~[mongodb-driver-core-4.11.2.jar:na]
	at java.base/java.lang.Thread.run(Thread.java:1447) ~[na:na]
Caused by: java.net.ConnectException: Connection refused: getsockopt
	at java.base/sun.nio.ch.Net.pollConnect(Native Method) ~[na:na]
	at java.base/sun.nio.ch.Net.pollConnectNow(Net.java:628) ~[na:na]
	at java.base/sun.nio.ch.NioSocketImpl.timedFinishConnect(NioSocketImpl.java:533) ~[na:na]
	at java.base/sun.nio.ch.NioSocketImpl.connect(NioSocketImpl.java:583) ~[na:na]
	at java.base/java.net.SocksSocketImpl.connect(SocksSocketImpl.java:282) ~[na:na]
	at java.base/java.net.Socket.connect(Socket.java:665) ~[na:na]
	at com.mongodb.internal.connection.SocketStreamHelper.initialize(SocketStreamHelper.java:76) ~[mongodb-driver-core-4.11.2.jar:na]
	at com.mongodb.internal.connection.SocketStream.initializeSocket(SocketStream.java:104) ~[mongodb-driver-core-4.11.2.jar:na]
	at com.mongodb.internal.connection.SocketStream.open(SocketStream.java:78) ~[mongodb-driver-core-4.11.2.jar:na]
	... 4 common frames omitted

2025-07-09T11:35:58.984-03:00  INFO 11164 --- [easycomm-processor] [           main] c.a.e.EasycommProcessorApplicationTests  : Started EasycommProcessorApplicationTests in 1.451 seconds (process running for 2.934)
]]></system-out>
    <system-err><![CDATA[WARNING: A Java agent has been loaded dynamically (C:\Users\Gustavo Achcar Filho\.m2\repository\net\bytebuddy\byte-buddy-agent\1.14.13\byte-buddy-agent-1.14.13.jar)
WARNING: If a serviceability tool is in use, please run with -XX:+EnableDynamicAgentLoading to hide this warning
WARNING: If a serviceability tool is not in use, please run with -Djdk.instrument.traceUsage for more information
WARNING: Dynamic loading of agents will be disallowed by default in a future release
]]></system-err>
  </testcase>
</testsuite>